0 verbose cli C:\Program Files\nodejs\node.exe C:\Program Files\nodejs\node_modules\npm\bin\npm-cli.js
1 info using npm@10.9.4
2 info using node@v22.21.0
3 silly config load:file:C:\Program Files\nodejs\node_modules\npm\npmrc
4 silly config load:file:C:\Users\ACER\Desktop\FastAPI\Project1\.npmrc
5 silly config load:file:C:\Users\ACER\.npmrc
6 silly config load:file:C:\Users\ACER\AppData\Roaming\npm\etc\npmrc
7 verbose title npm create vite@latest frontend --template vue
8 verbose argv "create" "vite@latest" "frontend" "--" "--template" "vue"
9 verbose logfile logs-max:10 dir:C:\Users\ACER\Desktop\FastAPI\Project1\.npm-cache\_logs\2026-02-24T11_07_30_590Z-
10 verbose logfile C:\Users\ACER\Desktop\FastAPI\Project1\.npm-cache\_logs\2026-02-24T11_07_30_590Z-debug-0.log
11 silly logfile done cleaning log files
12 silly packumentCache heap:2197815296 maxSize:549453824 maxEntrySize:274726912
13 http fetch GET 200 https://registry.npmjs.org/create-vite 545ms (cache miss)
14 silly packumentCache heap:2197815296 maxSize:549453824 maxEntrySize:274726912
15 warn exec The following package was not found and will be installed: create-vite@8.3.0
16 silly idealTree buildDeps
17 silly fetch manifest create-vite@8.3.0
18 silly packumentCache full:https://registry.npmjs.org/create-vite cache-miss
19 http fetch GET 200 https://registry.npmjs.org/create-vite 169ms (cache miss)
20 silly packumentCache full:https://registry.npmjs.org/create-vite set size:undefined disposed:false
21 silly placeDep ROOT create-vite@8.3.0 OK for:  want: 8.3.0
22 silly reify moves {}
23 silly audit bulk request { 'create-vite': [ '8.3.0' ] }
24 http cache create-vite@https://registry.npmjs.org/create-vite/-/create-vite-8.3.0.tgz 1ms (cache hit)
25 silly tarball no local data for create-vite@https://registry.npmjs.org/create-vite/-/create-vite-8.3.0.tgz. Extracting by manifest.
26 http fetch POST 200 https://registry.npmjs.org/-/npm/v1/security/advisories/bulk 281ms
27 silly audit report {}
28 http fetch GET 200 https://registry.npmjs.org/create-vite/-/create-vite-8.3.0.tgz 854ms (cache miss)
29 verbose cwd C:\Users\ACER\Desktop\FastAPI\Project1
30 verbose os Windows_NT 10.0.26200
31 verbose node v22.21.0
32 verbose npm  v10.9.4
33 verbose exit 0
34 info ok
